Сборка начата 21.05.2021 15:56:50.
Уровень детализации журнала: Normal.     1>Проект "D:\УЧЕБА 2 СЕМ\ЛАБЫ ОАИП 2 СЕМ\17 LABA OAIP\17 LABA OAIP\17 LABA OAIP.vcxproj" в узле 2 (целевые объекты Build).
     1>InitializeBuildStatus:
         Создание "Debug\17 LABA OAIP.tlog\unsuccessfulbuild", так как было задано "AlwaysCreate".
       ClCompile:
         C:\Program Files (x86)\Microsoft Visual Studio\2019\Community\VC\Tools\MSVC\14.27.29110\bin\HostX86\x86\CL.exe /c /ZI /JMC /nologo /W3 /WX- /diagnostics:column /sdl /Od /Oy- /D WIN32 /D _DEBUG /D _CONSOLE /D _UNICODE /D UNICODE /Gm- /EHsc /RTC1 /MDd /GS /fp:precise /permissive- /Zc:wchar_t /Zc:forScope /Zc:inline /Fo"Debug\\" /Fd"Debug\vc142.pdb" /Gd /TP /analyze- /FC /errorReport:prompt "17 LABA OAIP.cpp"
         17 LABA OAIP.cpp
     1>D:\УЧЕБА 2 СЕМ\ЛАБЫ ОАИП 2 СЕМ\17 LABA OAIP\17 LABA OAIP\17 LABA OAIP.cpp(8,6): warning C4101: buf: неиспользованная локальная переменная
       Link:
         C:\Program Files (x86)\Microsoft Visual Studio\2019\Community\VC\Tools\MSVC\14.27.29110\bin\HostX86\x86\link.exe /ERRORREPORT:PROMPT /OUT:"D:\УЧЕБА 2 СЕМ\ЛАБЫ ОАИП 2 СЕМ\17 LABA OAIP\Debug\17 LABA OAIP.exe" /INCREMENTAL /NOLOGO kernel32.lib user32.lib gdi32.lib winspool.lib comdlg32.lib advapi32.lib shell32.lib ole32.lib oleaut32.lib uuid.lib odbc32.lib odbccp32.lib /MANIFEST /MANIFESTUAC:"level='asInvoker' uiAccess='false'" /manifest:embed /DEBUG:FASTLINK /PDB:"D:\УЧЕБА 2 СЕМ\ЛАБЫ ОАИП 2 СЕМ\17 LABA OAIP\Debug\17 LABA OAIP.pdb" /SUBSYSTEM:CONSOLE /TLBID:1 /DYNAMICBASE /NXCOMPAT /IMPLIB:"D:\УЧЕБА 2 СЕМ\ЛАБЫ ОАИП 2 СЕМ\17 LABA OAIP\Debug\17 LABA OAIP.lib" /MACHINE:X86 "Debug\17 LABA OAIP.obj"
         17 LABA OAIP.vcxproj -> D:\УЧЕБА 2 СЕМ\ЛАБЫ ОАИП 2 СЕМ\17 LABA OAIP\Debug\17 LABA OAIP.exe
       FinalizeBuildStatus:
         Файл "Debug\17 LABA OAIP.tlog\unsuccessfulbuild" удаляется.
         Обращение к "Debug\17 LABA OAIP.tlog\17 LABA OAIP.lastbuildstate".
     1>Сборка проекта "D:\УЧЕБА 2 СЕМ\ЛАБЫ ОАИП 2 СЕМ\17 LABA OAIP\17 LABA OAIP\17 LABA OAIP.vcxproj" завершена (целевые объекты Build).

Сборка успешно завершена.

       "D:\УЧЕБА 2 СЕМ\ЛАБЫ ОАИП 2 СЕМ\17 LABA OAIP\17 LABA OAIP\17 LABA OAIP.vcxproj" (целевой объект Build ) (1) ->
       (Целевой объект ClCompile) -> 
         D:\УЧЕБА 2 СЕМ\ЛАБЫ ОАИП 2 СЕМ\17 LABA OAIP\17 LABA OAIP\17 LABA OAIP.cpp(8,6): warning C4101: buf: неиспользованная локальная переменная

    Предупреждений: 1
    Ошибок: 0

Прошло времени 00:00:01.80
