Сборка начата 21.05.2021 12:31:30.
Уровень детализации журнала: Normal.     1>Проект "D:\УЧЕБА 2 СЕМ\ЛАБЫ ОАИП 2 СЕМ\17 LABA OAIP\dop 3\dop 3.vcxproj" в узле 2 (целевые объекты Build).
     1>PrepareForBuild:
         Создание каталога "Debug\dop 3.tlog\".
       InitializeBuildStatus:
         Создание "Debug\dop 3.tlog\unsuccessfulbuild", так как было задано "AlwaysCreate".
       ClCompile:
         C:\Program Files (x86)\Microsoft Visual Studio\2019\Community\VC\Tools\MSVC\14.27.29110\bin\HostX86\x86\CL.exe /c /ZI /JMC /nologo /W3 /WX- /diagnostics:column /sdl /Od /Oy- /D WIN32 /D _DEBUG /D _CONSOLE /D _UNICODE /D UNICODE /Gm- /EHsc /RTC1 /MDd /GS /fp:precise /permissive- /Zc:wchar_t /Zc:forScope /Zc:inline /Fo"Debug\\" /Fd"Debug\vc142.pdb" /Gd /TP /analyze- /FC /errorReport:prompt "dop 3.cpp"
         dop 3.cpp
       Link:
         C:\Program Files (x86)\Microsoft Visual Studio\2019\Community\VC\Tools\MSVC\14.27.29110\bin\HostX86\x86\link.exe /ERRORREPORT:PROMPT /OUT:"D:\УЧЕБА 2 СЕМ\ЛАБЫ ОАИП 2 СЕМ\17 LABA OAIP\Debug\dop 3.exe" /INCREMENTAL /NOLOGO kernel32.lib user32.lib gdi32.lib winspool.lib comdlg32.lib advapi32.lib shell32.lib ole32.lib oleaut32.lib uuid.lib odbc32.lib odbccp32.lib /MANIFEST /MANIFESTUAC:"level='asInvoker' uiAccess='false'" /manifest:embed /DEBUG:FASTLINK /PDB:"D:\УЧЕБА 2 СЕМ\ЛАБЫ ОАИП 2 СЕМ\17 LABA OAIP\Debug\dop 3.pdb" /SUBSYSTEM:CONSOLE /TLBID:1 /DYNAMICBASE /NXCOMPAT /IMPLIB:"D:\УЧЕБА 2 СЕМ\ЛАБЫ ОАИП 2 СЕМ\17 LABA OAIP\Debug\dop 3.lib" /MACHINE:X86 "Debug\dop 3.obj"
         dop 3.vcxproj -> D:\УЧЕБА 2 СЕМ\ЛАБЫ ОАИП 2 СЕМ\17 LABA OAIP\Debug\dop 3.exe
       FinalizeBuildStatus:
         Файл "Debug\dop 3.tlog\unsuccessfulbuild" удаляется.
         Обращение к "Debug\dop 3.tlog\dop 3.lastbuildstate".
     1>Сборка проекта "D:\УЧЕБА 2 СЕМ\ЛАБЫ ОАИП 2 СЕМ\17 LABA OAIP\dop 3\dop 3.vcxproj" завершена (целевые объекты Build).

Сборка успешно завершена.
    Предупреждений: 0
    Ошибок: 0

Прошло времени 00:00:02.49
